<?xml version="1.0" encoding="UTF-8"?>
<testng-results ignored="0" total="1" passed="1" failed="0" skipped="0">
  <reporter-output>
  </reporter-output>
  <suite started-at="2024-02-18T19:51:19 IST" name="Suite" finished-at="2024-02-18T19:51:52 IST" duration-ms="33072">
    <groups>
    </groups>
    <test started-at="2024-02-18T19:51:19 IST" name="Test" finished-at="2024-02-18T19:51:52 IST" duration-ms="33072">
      <class name="com.ebanking.testcases.TC_LoginTest_001">
        <test-method is-config="true" signature="setup()[pri:0, instance:com.ebanking.testcases.TC_LoginTest_001@158a8276]" started-at="2024-02-18T19:51:19 IST" name="setup" finished-at="2024-02-18T19:51:39 IST" duration-ms="20165" status="PASS">
          <reporter-output>
          </reporter-output>
        </test-method> <!-- setup -->
        <test-method signature="LoginTest()[pri:0, instance:com.ebanking.testcases.TC_LoginTest_001@158a8276]" started-at="2024-02-18T19:51:39 IST" name="LoginTest" finished-at="2024-02-18T19:51:51 IST" duration-ms="11787" status="PASS">
          <reporter-output>
          </reporter-output>
        </test-method> <!-- LoginTest -->
        <test-method is-config="true" signature="teardown()[pri:0, instance:com.ebanking.testcases.TC_LoginTest_001@158a8276]" started-at="2024-02-18T19:51:51 IST" name="teardown" finished-at="2024-02-18T19:51:52 IST" duration-ms="979" status="PASS">
          <reporter-output>
          </reporter-output>
        </test-method> <!-- teardown -->
      </class> <!-- com.ebanking.testcases.TC_LoginTest_001 -->
    </test> <!-- Test -->
  </suite> <!-- Suite -->
</testng-results>
