<?xml version="1.0" encoding="UTF-8"?>
<testng-results ignored="0" total="1" passed="1" failed="0" skipped="0">
  <reporter-output>
  </reporter-output>
  <suite started-at="2024-02-18T15:08:10 IST" name="Default suite" finished-at="2024-02-18T15:08:41 IST" duration-ms="31150">
    <groups>
    </groups>
    <test started-at="2024-02-18T15:08:10 IST" name="Default test" finished-at="2024-02-18T15:08:41 IST" duration-ms="31150">
      <class name="com.ebanking.testcases.TC_LoginTest_001">
        <test-method is-config="true" signature="setup()[pri:0, instance:com.ebanking.testcases.TC_LoginTest_001@76b1e9b8]" started-at="2024-02-18T15:08:10 IST" name="setup" finished-at="2024-02-18T15:08:21 IST" duration-ms="10158" status="PASS">
          <reporter-output>
          </reporter-output>
        </test-method> <!-- setup -->
        <test-method signature="LoginTest()[pri:0, instance:com.ebanking.testcases.TC_LoginTest_001@76b1e9b8]" started-at="2024-02-18T15:08:21 IST" name="LoginTest" finished-at="2024-02-18T15:08:40 IST" duration-ms="19255" status="PASS">
          <reporter-output>
          </reporter-output>
        </test-method> <!-- LoginTest -->
        <test-method is-config="true" signature="teardown()[pri:0, instance:com.ebanking.testcases.TC_LoginTest_001@76b1e9b8]" started-at="2024-02-18T15:08:40 IST" name="teardown" finished-at="2024-02-18T15:08:41 IST" duration-ms="1291" status="PASS">
          <reporter-output>
          </reporter-output>
        </test-method> <!-- teardown -->
      </class> <!-- com.ebanking.testcases.TC_LoginTest_001 -->
    </test> <!-- Default test -->
  </suite> <!-- Default suite -->
</testng-results>
